[debug] [2025-06-22T05:47:24.308Z] [Firebase Plugin] Activating Firebase extension.
[debug] [2025-06-22T05:47:32.364Z] [Firebase Plugin] requireAuthWrapper
[debug] [2025-06-22T05:47:32.378Z] > command requires scopes: ["email","openid","https://www.googleapis.com/auth/cloudplatformprojects.readonly","https://www.googleapis.com/auth/firebase","https://www.googleapis.com/auth/cloud-platform"]
[debug] [2025-06-22T05:47:32.379Z] > authorizing via signed-in user (beelzebub1949@gmail.com)
[debug] [2025-06-22T05:47:32.383Z] Checked if tokens are valid: true, expires at: 1750574782739
[debug] [2025-06-22T05:47:32.383Z] Checked if tokens are valid: true, expires at: 1750574782739
[debug] [2025-06-22T05:47:32.384Z] [Firebase Plugin] User found:  beelzebub1949@gmail.com
[info] [Firebase Plugin] (Core:Project) New user detected, fetching projects
[debug] [2025-06-22T05:47:32.386Z] Checked if tokens are valid: true, expires at: 1750574782739
[debug] [2025-06-22T05:47:32.388Z] >>> [apiv2][query] GET https://firebase.googleapis.com/v1beta1/projects pageSize=1000
[debug] [2025-06-22T05:47:32.401Z] [Firebase Plugin] VSCode notification server listening on port 40001
[info] [Firebase Plugin] Starting Data Connect toolkit (version 2.6.3) on port 50001
[info] i  dataconnect: downloading dataconnect-emulator-2.6.3.exe... {"metadata":{"emulator":{"name":"dataconnect"},"message":"downloading dataconnect-emulator-2.6.3.exe..."}}
[debug] [2025-06-22T05:47:33.311Z] >>> [apiv2][query] GET https://storage.googleapis.com/firemat-preview-drop/emulator/dataconnect-emulator-windows-v2.6.3 
[debug] [2025-06-22T05:47:34.146Z] <<< [apiv2][status] GET https://firebase.googleapis.com/v1beta1/projects 200
[debug] [2025-06-22T05:47:34.147Z] <<< [apiv2][body] GET https://firebase.googleapis.com/v1beta1/projects [omitted]
[debug] [2025-06-22T05:47:34.642Z] <<< [apiv2][status] GET https://storage.googleapis.com/firemat-preview-drop/emulator/dataconnect-emulator-windows-v2.6.3 200
[debug] [2025-06-22T05:47:34.643Z] <<< [apiv2][body] GET https://storage.googleapis.com/firemat-preview-drop/emulator/dataconnect-emulator-windows-v2.6.3 [stream]
[info] i  dataconnect: Removing outdated emulator files: dataconnect-emulator-2.6.1.exe {"metadata":{"emulator":{"name":"dataconnect"},"message":"Removing outdated emulator files: dataconnect-emulator-2.6.1.exe"}}
[debug] [2025-06-22T05:47:37.270Z] 'fdc build' failed with error: Unable to build your Data Connect schema and connectors (exit code 1): E0622 13:47:37.251513   29408 cmd.go:43] Error loading data connect config: could not find dataconnect.yaml in `i:\firebase\studio\dataconnect`
 {"metadata":{"emulator":{"name":"dataconnect"},"message":"'fdc build' failed with error: Unable to build your Data Connect schema and connectors (exit code 1): E0622 13:47:37.251513   29408 cmd.go:43] Error loading data connect config: could not find dataconnect.yaml in `i:\\firebase\\studio\\dataconnect`\n"}}
[debug] [2025-06-22T05:47:37.271Z] Ignoring unsupported arg: auto_download {"metadata":{"emulator":{"name":"dataconnect"},"message":"Ignoring unsupported arg: auto_download"}}
[debug] [2025-06-22T05:47:37.271Z] Ignoring unsupported arg: port {"metadata":{"emulator":{"name":"dataconnect"},"message":"Ignoring unsupported arg: port"}}
[debug] [2025-06-22T05:47:37.271Z] Starting Data Connect Emulator with command {"binary":"C:\\Users\\SYH\\.cache\\firebase\\emulators\\dataconnect-emulator-2.6.3.exe","args":["--logtostderr","-v=2","dev","--listen=localhost:50001","--config_dir=i:\\firebase\\studio\\dataconnect","--enable_output_schema_extensions=true","--enable_output_generated_sdk=true"],"optionalArgs":["listen","config_dir","enable_output_schema_extensions","enable_output_generated_sdk"],"joinArgs":true,"shell":false,"port":9399} {"metadata":{"emulator":{"name":"dataconnect"},"message":"Starting Data Connect Emulator with command {\"binary\":\"C:\\\\Users\\\\SYH\\\\.cache\\\\firebase\\\\emulators\\\\dataconnect-emulator-2.6.3.exe\",\"args\":[\"--logtostderr\",\"-v=2\",\"dev\",\"--listen=localhost:50001\",\"--config_dir=i:\\\\firebase\\\\studio\\\\dataconnect\",\"--enable_output_schema_extensions=true\",\"--enable_output_generated_sdk=true\"],\"optionalArgs\":[\"listen\",\"config_dir\",\"enable_output_schema_extensions\",\"enable_output_generated_sdk\"],\"joinArgs\":true,\"shell\":false,\"port\":9399}"}}
[info] i  dataconnect: Data Connect Emulator logging to dataconnect-debug.log {"metadata":{"emulator":{"name":"dataconnect"},"message":"Data Connect Emulator logging to \u001b[1mdataconnect-debug.log\u001b[22m"}}
[debug] [2025-06-22T05:47:37.403Z] E0622 13:47:37.391751   48556 load.go:23] Could not load config from "i:\\firebase\\studio\\dataconnect": could not find dataconnect.yaml in `i:\firebase\studio\dataconnect`
 {"metadata":{"emulator":{"name":"dataconnect"},"message":"E0622 13:47:37.391751   48556 load.go:23] Could not load config from \"i:\\\\firebase\\\\studio\\\\dataconnect\": could not find dataconnect.yaml in `i:\\firebase\\studio\\dataconnect`\n"}}
[debug] [2025-06-22T05:47:37.403Z] E0622 13:47:37.403329   48556 watch.go:76] watchAllDir unable to walk dir `i:\firebase\studio\dataconnect`: on path "i:\\firebase\\studio\\dataconnect" (DirEntry: <nil>): CreateFile i:\firebase\studio\dataconnect: The system cannot find the file specified.
 {"metadata":{"emulator":{"name":"dataconnect"},"message":"E0622 13:47:37.403329   48556 watch.go:76] watchAllDir unable to walk dir `i:\\firebase\\studio\\dataconnect`: on path \"i:\\\\firebase\\\\studio\\\\dataconnect\" (DirEntry: <nil>): CreateFile i:\\firebase\\studio\\dataconnect: The system cannot find the file specified.\n"}}
[debug] [2025-06-22T05:47:37.420Z] I0622 13:47:37.420432   48556 dev.go:95] Listening on address (HTTP + gRPC): 127.0.0.1:50001
 {"metadata":{"emulator":{"name":"dataconnect"},"message":"I0622 13:47:37.420432   48556 dev.go:95] Listening on address (HTTP + gRPC): 127.0.0.1:50001\n"}}
[error] [Firebase Plugin] error:  {}
[debug] [2025-06-22T05:47:47.406Z] E0622 13:47:47.406461   48556 load.go:23] Could not load config from "i:\\firebase\\studio\\dataconnect": could not find dataconnect.yaml in `i:\firebase\studio\dataconnect`
 {"metadata":{"emulator":{"name":"dataconnect"},"message":"E0622 13:47:47.406461   48556 load.go:23] Could not load config from \"i:\\\\firebase\\\\studio\\\\dataconnect\": could not find dataconnect.yaml in `i:\\firebase\\studio\\dataconnect`\n"}}
[debug] [2025-06-22T05:47:57.411Z] E0622 13:47:57.410859   48556 load.go:23] Could not load config from "i:\\firebase\\studio\\dataconnect": could not find dataconnect.yaml in `i:\firebase\studio\dataconnect`
 {"metadata":{"emulator":{"name":"dataconnect"},"message":"E0622 13:47:57.410859   48556 load.go:23] Could not load config from \"i:\\\\firebase\\\\studio\\\\dataconnect\": could not find dataconnect.yaml in `i:\\firebase\\studio\\dataconnect`\n"}}
[debug] [2025-06-22T05:48:07.407Z] E0622 13:48:07.407340   48556 load.go:23] Could not load config from "i:\\firebase\\studio\\dataconnect": could not find dataconnect.yaml in `i:\firebase\studio\dataconnect`
 {"metadata":{"emulator":{"name":"dataconnect"},"message":"E0622 13:48:07.407340   48556 load.go:23] Could not load config from \"i:\\\\firebase\\\\studio\\\\dataconnect\": could not find dataconnect.yaml in `i:\\firebase\\studio\\dataconnect`\n"}}
[debug] [2025-06-22T05:48:17.407Z] E0622 13:48:17.407871   48556 load.go:23] Could not load config from "i:\\firebase\\studio\\dataconnect": could not find dataconnect.yaml in `i:\firebase\studio\dataconnect`
 {"metadata":{"emulator":{"name":"dataconnect"},"message":"E0622 13:48:17.407871   48556 load.go:23] Could not load config from \"i:\\\\firebase\\\\studio\\\\dataconnect\": could not find dataconnect.yaml in `i:\\firebase\\studio\\dataconnect`\n"}}
[debug] [2025-06-22T05:48:27.417Z] E0622 13:48:27.416982   48556 load.go:23] Could not load config from "i:\\firebase\\studio\\dataconnect": could not find dataconnect.yaml in `i:\firebase\studio\dataconnect`
 {"metadata":{"emulator":{"name":"dataconnect"},"message":"E0622 13:48:27.416982   48556 load.go:23] Could not load config from \"i:\\\\firebase\\\\studio\\\\dataconnect\": could not find dataconnect.yaml in `i:\\firebase\\studio\\dataconnect`\n"}}
[debug] [2025-06-22T05:48:37.405Z] E0622 13:48:37.405105   48556 load.go:23] Could not load config from "i:\\firebase\\studio\\dataconnect": could not find dataconnect.yaml in `i:\firebase\studio\dataconnect`
 {"metadata":{"emulator":{"name":"dataconnect"},"message":"E0622 13:48:37.405105   48556 load.go:23] Could not load config from \"i:\\\\firebase\\\\studio\\\\dataconnect\": could not find dataconnect.yaml in `i:\\firebase\\studio\\dataconnect`\n"}}
[debug] [2025-06-22T05:48:47.408Z] E0622 13:48:47.408696   48556 load.go:23] Could not load config from "i:\\firebase\\studio\\dataconnect": could not find dataconnect.yaml in `i:\firebase\studio\dataconnect`
 {"metadata":{"emulator":{"name":"dataconnect"},"message":"E0622 13:48:47.408696   48556 load.go:23] Could not load config from \"i:\\\\firebase\\\\studio\\\\dataconnect\": could not find dataconnect.yaml in `i:\\firebase\\studio\\dataconnect`\n"}}
[debug] [2025-06-22T05:48:57.409Z] E0622 13:48:57.408662   48556 load.go:23] Could not load config from "i:\\firebase\\studio\\dataconnect": could not find dataconnect.yaml in `i:\firebase\studio\dataconnect`
 {"metadata":{"emulator":{"name":"dataconnect"},"message":"E0622 13:48:57.408662   48556 load.go:23] Could not load config from \"i:\\\\firebase\\\\studio\\\\dataconnect\": could not find dataconnect.yaml in `i:\\firebase\\studio\\dataconnect`\n"}}
[debug] [2025-06-22T05:49:07.412Z] E0622 13:49:07.411765   48556 load.go:23] Could not load config from "i:\\firebase\\studio\\dataconnect": could not find dataconnect.yaml in `i:\firebase\studio\dataconnect`
 {"metadata":{"emulator":{"name":"dataconnect"},"message":"E0622 13:49:07.411765   48556 load.go:23] Could not load config from \"i:\\\\firebase\\\\studio\\\\dataconnect\": could not find dataconnect.yaml in `i:\\firebase\\studio\\dataconnect`\n"}}
[debug] [2025-06-22T05:49:17.415Z] E0622 13:49:17.414724   48556 load.go:23] Could not load config from "i:\\firebase\\studio\\dataconnect": could not find dataconnect.yaml in `i:\firebase\studio\dataconnect`
 {"metadata":{"emulator":{"name":"dataconnect"},"message":"E0622 13:49:17.414724   48556 load.go:23] Could not load config from \"i:\\\\firebase\\\\studio\\\\dataconnect\": could not find dataconnect.yaml in `i:\\firebase\\studio\\dataconnect`\n"}}
[debug] [2025-06-22T05:49:27.418Z] E0622 13:49:27.418140   48556 load.go:23] Could not load config from "i:\\firebase\\studio\\dataconnect": could not find dataconnect.yaml in `i:\firebase\studio\dataconnect`
 {"metadata":{"emulator":{"name":"dataconnect"},"message":"E0622 13:49:27.418140   48556 load.go:23] Could not load config from \"i:\\\\firebase\\\\studio\\\\dataconnect\": could not find dataconnect.yaml in `i:\\firebase\\studio\\dataconnect`\n"}}
[debug] [2025-06-22T05:49:37.404Z] E0622 13:49:37.403945   48556 load.go:23] Could not load config from "i:\\firebase\\studio\\dataconnect": could not find dataconnect.yaml in `i:\firebase\studio\dataconnect`
 {"metadata":{"emulator":{"name":"dataconnect"},"message":"E0622 13:49:37.403945   48556 load.go:23] Could not load config from \"i:\\\\firebase\\\\studio\\\\dataconnect\": could not find dataconnect.yaml in `i:\\firebase\\studio\\dataconnect`\n"}}
[debug] [2025-06-22T05:49:37.404Z] E0622 13:49:37.403945   48556 watch.go:76] watchAllDir unable to walk dir `i:\firebase\studio\dataconnect`: on path "i:\\firebase\\studio\\dataconnect" (DirEntry: <nil>): CreateFile i:\firebase\studio\dataconnect: The system cannot find the file specified.
 {"metadata":{"emulator":{"name":"dataconnect"},"message":"E0622 13:49:37.403945   48556 watch.go:76] watchAllDir unable to walk dir `i:\\firebase\\studio\\dataconnect`: on path \"i:\\\\firebase\\\\studio\\\\dataconnect\" (DirEntry: <nil>): CreateFile i:\\firebase\\studio\\dataconnect: The system cannot find the file specified.\n"}}
[debug] [2025-06-22T05:49:47.413Z] E0622 13:49:47.412547   48556 load.go:23] Could not load config from "i:\\firebase\\studio\\dataconnect": could not find dataconnect.yaml in `i:\firebase\studio\dataconnect`
 {"metadata":{"emulator":{"name":"dataconnect"},"message":"E0622 13:49:47.412547   48556 load.go:23] Could not load config from \"i:\\\\firebase\\\\studio\\\\dataconnect\": could not find dataconnect.yaml in `i:\\firebase\\studio\\dataconnect`\n"}}
[debug] [2025-06-22T05:49:57.417Z] E0622 13:49:57.416330   48556 load.go:23] Could not load config from "i:\\firebase\\studio\\dataconnect": could not find dataconnect.yaml in `i:\firebase\studio\dataconnect`
 {"metadata":{"emulator":{"name":"dataconnect"},"message":"E0622 13:49:57.416330   48556 load.go:23] Could not load config from \"i:\\\\firebase\\\\studio\\\\dataconnect\": could not find dataconnect.yaml in `i:\\firebase\\studio\\dataconnect`\n"}}
[debug] [2025-06-22T05:53:15.820Z] [Firebase Plugin] Activating Firebase extension.
[debug] [2025-06-22T05:53:29.479Z] [Firebase Plugin] requireAuthWrapper
[debug] [2025-06-22T05:53:29.481Z] > command requires scopes: ["email","openid","https://www.googleapis.com/auth/cloudplatformprojects.readonly","https://www.googleapis.com/auth/firebase","https://www.googleapis.com/auth/cloud-platform"]
[debug] [2025-06-22T05:53:29.481Z] > authorizing via signed-in user (beelzebub1949@gmail.com)
[debug] [2025-06-22T05:53:29.484Z] Checked if tokens are valid: true, expires at: 1750574782739
[debug] [2025-06-22T05:53:29.484Z] Checked if tokens are valid: true, expires at: 1750574782739
[debug] [2025-06-22T05:53:29.484Z] [Firebase Plugin] User found:  beelzebub1949@gmail.com
[info] [Firebase Plugin] (Core:Project) New user detected, fetching projects
[debug] [2025-06-22T05:53:29.485Z] Checked if tokens are valid: true, expires at: 1750574782739
[debug] [2025-06-22T05:53:29.486Z] >>> [apiv2][query] GET https://firebase.googleapis.com/v1beta1/projects pageSize=1000
[debug] [2025-06-22T05:53:29.492Z] [Firebase Plugin] VSCode notification server listening on port 40001
[info] [Firebase Plugin] Starting Data Connect toolkit (version 2.6.3) on port 50001
[debug] [2025-06-22T05:53:30.327Z] 'fdc build' failed with error: Unable to build your Data Connect schema and connectors (exit code 1): E0622 13:53:30.295266   26124 cmd.go:43] Error loading data connect config: could not find dataconnect.yaml in `i:\firebase\studio\dataconnect`
 {"metadata":{"emulator":{"name":"dataconnect"},"message":"'fdc build' failed with error: Unable to build your Data Connect schema and connectors (exit code 1): E0622 13:53:30.295266   26124 cmd.go:43] Error loading data connect config: could not find dataconnect.yaml in `i:\\firebase\\studio\\dataconnect`\n"}}
[debug] [2025-06-22T05:53:30.327Z] Ignoring unsupported arg: auto_download {"metadata":{"emulator":{"name":"dataconnect"},"message":"Ignoring unsupported arg: auto_download"}}
[debug] [2025-06-22T05:53:30.328Z] Ignoring unsupported arg: port {"metadata":{"emulator":{"name":"dataconnect"},"message":"Ignoring unsupported arg: port"}}
[debug] [2025-06-22T05:53:30.328Z] Starting Data Connect Emulator with command {"binary":"C:\\Users\\SYH\\.cache\\firebase\\emulators\\dataconnect-emulator-2.6.3.exe","args":["--logtostderr","-v=2","dev","--listen=localhost:50001","--config_dir=i:\\firebase\\studio\\dataconnect","--enable_output_schema_extensions=true","--enable_output_generated_sdk=true"],"optionalArgs":["listen","config_dir","enable_output_schema_extensions","enable_output_generated_sdk"],"joinArgs":true,"shell":false,"port":9399} {"metadata":{"emulator":{"name":"dataconnect"},"message":"Starting Data Connect Emulator with command {\"binary\":\"C:\\\\Users\\\\SYH\\\\.cache\\\\firebase\\\\emulators\\\\dataconnect-emulator-2.6.3.exe\",\"args\":[\"--logtostderr\",\"-v=2\",\"dev\",\"--listen=localhost:50001\",\"--config_dir=i:\\\\firebase\\\\studio\\\\dataconnect\",\"--enable_output_schema_extensions=true\",\"--enable_output_generated_sdk=true\"],\"optionalArgs\":[\"listen\",\"config_dir\",\"enable_output_schema_extensions\",\"enable_output_generated_sdk\"],\"joinArgs\":true,\"shell\":false,\"port\":9399}"}}
[info] i  dataconnect: Data Connect Emulator logging to dataconnect-debug.log {"metadata":{"emulator":{"name":"dataconnect"},"message":"Data Connect Emulator logging to \u001b[1mdataconnect-debug.log\u001b[22m"}}
[debug] [2025-06-22T05:53:30.513Z] E0622 13:53:30.434245   26908 load.go:23] Could not load config from "i:\\firebase\\studio\\dataconnect": could not find dataconnect.yaml in `i:\firebase\studio\dataconnect`
E0622 13:53:30.444708   26908 watch.go:76] watchAllDir unable to walk dir `i:\firebase\studio\dataconnect`: on path "i:\\firebase\\studio\\dataconnect" (DirEntry: <nil>): CreateFile i:\firebase\studio\dataconnect: The system cannot find the file specified.
I0622 13:53:30.453933   26908 dev.go:95] Listening on address (HTTP + gRPC): 127.0.0.1:50001
 {"metadata":{"emulator":{"name":"dataconnect"},"message":"E0622 13:53:30.434245   26908 load.go:23] Could not load config from \"i:\\\\firebase\\\\studio\\\\dataconnect\": could not find dataconnect.yaml in `i:\\firebase\\studio\\dataconnect`\nE0622 13:53:30.444708   26908 watch.go:76] watchAllDir unable to walk dir `i:\\firebase\\studio\\dataconnect`: on path \"i:\\\\firebase\\\\studio\\\\dataconnect\" (DirEntry: <nil>): CreateFile i:\\firebase\\studio\\dataconnect: The system cannot find the file specified.\nI0622 13:53:30.453933   26908 dev.go:95] Listening on address (HTTP + gRPC): 127.0.0.1:50001\n"}}
[error] [Firebase Plugin] error:  {}
[debug] [2025-06-22T05:53:30.945Z] <<< [apiv2][status] GET https://firebase.googleapis.com/v1beta1/projects 200
[debug] [2025-06-22T05:53:30.946Z] <<< [apiv2][body] GET https://firebase.googleapis.com/v1beta1/projects [omitted]
[debug] [2025-06-22T05:53:40.448Z] E0622 13:53:40.448794   26908 load.go:23] Could not load config from "i:\\firebase\\studio\\dataconnect": could not find dataconnect.yaml in `i:\firebase\studio\dataconnect`
 {"metadata":{"emulator":{"name":"dataconnect"},"message":"E0622 13:53:40.448794   26908 load.go:23] Could not load config from \"i:\\\\firebase\\\\studio\\\\dataconnect\": could not find dataconnect.yaml in `i:\\firebase\\studio\\dataconnect`\n"}}
[debug] [2025-06-22T05:53:50.446Z] E0622 13:53:50.446587   26908 load.go:23] Could not load config from "i:\\firebase\\studio\\dataconnect": could not find dataconnect.yaml in `i:\firebase\studio\dataconnect`
 {"metadata":{"emulator":{"name":"dataconnect"},"message":"E0622 13:53:50.446587   26908 load.go:23] Could not load config from \"i:\\\\firebase\\\\studio\\\\dataconnect\": could not find dataconnect.yaml in `i:\\firebase\\studio\\dataconnect`\n"}}
[info] [Firebase Plugin] Stopping Data Connect toolkit
[warn] !  Data Connect Emulator has exited upon receiving signal: SIGKILL 
[debug] [2025-07-01T16:58:51.771Z] [Firebase Plugin] Activating Firebase extension.
[debug] [2025-07-01T16:58:55.180Z] [Firebase Plugin] requireAuthWrapper
[debug] [2025-07-01T16:58:55.181Z] > command requires scopes: ["email","openid","https://www.googleapis.com/auth/cloudplatformprojects.readonly","https://www.googleapis.com/auth/firebase","https://www.googleapis.com/auth/cloud-platform"]
[debug] [2025-07-01T16:58:55.181Z] > authorizing via signed-in user (beelzebub1949@gmail.com)
[debug] [2025-07-01T16:58:55.183Z] Checked if tokens are valid: true, expires at: 1751392669047
[debug] [2025-07-01T16:58:55.183Z] Checked if tokens are valid: true, expires at: 1751392669047
[debug] [2025-07-01T16:58:55.183Z] [Firebase Plugin] User found:  beelzebub1949@gmail.com
[info] [Firebase Plugin] (Core:Project) New user detected, fetching projects
[debug] [2025-07-01T16:58:55.184Z] Checked if tokens are valid: true, expires at: 1751392669047
[debug] [2025-07-01T16:58:55.185Z] >>> [apiv2][query] GET https://firebase.googleapis.com/v1beta1/projects pageSize=1000
[debug] [2025-07-01T16:58:55.192Z] [Firebase Plugin] VSCode notification server listening on port 40001
[info] [Firebase Plugin] Starting Data Connect toolkit (version 2.8.0) on port 50001
[info] i  dataconnect: downloading dataconnect-emulator-2.8.0.exe... {"metadata":{"emulator":{"name":"dataconnect"},"message":"downloading dataconnect-emulator-2.8.0.exe..."}}
[debug] [2025-07-01T16:58:55.781Z] >>> [apiv2][query] GET https://storage.googleapis.com/firemat-preview-drop/emulator/dataconnect-emulator-windows-v2.8.0 
[debug] [2025-07-01T16:58:56.119Z] <<< [apiv2][status] GET https://firebase.googleapis.com/v1beta1/projects 200
[debug] [2025-07-01T16:58:56.120Z] <<< [apiv2][body] GET https://firebase.googleapis.com/v1beta1/projects [omitted]
[debug] [2025-07-01T16:58:56.614Z] <<< [apiv2][status] GET https://storage.googleapis.com/firemat-preview-drop/emulator/dataconnect-emulator-windows-v2.8.0 200
[debug] [2025-07-01T16:58:56.614Z] <<< [apiv2][body] GET https://storage.googleapis.com/firemat-preview-drop/emulator/dataconnect-emulator-windows-v2.8.0 [stream]
[info] i  dataconnect: Removing outdated emulator files: dataconnect-emulator-2.6.3.exe {"metadata":{"emulator":{"name":"dataconnect"},"message":"Removing outdated emulator files: dataconnect-emulator-2.6.3.exe"}}
[debug] [2025-07-01T16:58:59.164Z] 'fdc build' failed with error: Unable to build your Data Connect schema and connectors (exit code 1): E0702 00:58:59.151186   24716 cmd.go:43] Error loading data connect config: could not find dataconnect.yaml in `i:\firebase\studio\dataconnect`
 {"metadata":{"emulator":{"name":"dataconnect"},"message":"'fdc build' failed with error: Unable to build your Data Connect schema and connectors (exit code 1): E0702 00:58:59.151186   24716 cmd.go:43] Error loading data connect config: could not find dataconnect.yaml in `i:\\firebase\\studio\\dataconnect`\n"}}
[debug] [2025-07-01T16:58:59.164Z] Ignoring unsupported arg: auto_download {"metadata":{"emulator":{"name":"dataconnect"},"message":"Ignoring unsupported arg: auto_download"}}
[debug] [2025-07-01T16:58:59.164Z] Ignoring unsupported arg: port {"metadata":{"emulator":{"name":"dataconnect"},"message":"Ignoring unsupported arg: port"}}
[debug] [2025-07-01T16:58:59.165Z] Starting Data Connect Emulator with command {"binary":"C:\\Users\\SYH\\.cache\\firebase\\emulators\\dataconnect-emulator-2.8.0.exe","args":["--logtostderr","-v=2","dev","--listen=localhost:50001","--config_dir=i:\\firebase\\studio\\dataconnect","--enable_output_schema_extensions=true","--enable_output_generated_sdk=true"],"optionalArgs":["listen","config_dir","enable_output_schema_extensions","enable_output_generated_sdk"],"joinArgs":true,"shell":false,"port":9399} {"metadata":{"emulator":{"name":"dataconnect"},"message":"Starting Data Connect Emulator with command {\"binary\":\"C:\\\\Users\\\\SYH\\\\.cache\\\\firebase\\\\emulators\\\\dataconnect-emulator-2.8.0.exe\",\"args\":[\"--logtostderr\",\"-v=2\",\"dev\",\"--listen=localhost:50001\",\"--config_dir=i:\\\\firebase\\\\studio\\\\dataconnect\",\"--enable_output_schema_extensions=true\",\"--enable_output_generated_sdk=true\"],\"optionalArgs\":[\"listen\",\"config_dir\",\"enable_output_schema_extensions\",\"enable_output_generated_sdk\"],\"joinArgs\":true,\"shell\":false,\"port\":9399}"}}
[info] i  dataconnect: Data Connect Emulator logging to dataconnect-debug.log {"metadata":{"emulator":{"name":"dataconnect"},"message":"Data Connect Emulator logging to \u001b[1mdataconnect-debug.log\u001b[22m"}}
[debug] [2025-07-01T16:58:59.432Z] E0702 00:58:59.351723   17680 load.go:23] Could not load config from "i:\\firebase\\studio\\dataconnect": could not find dataconnect.yaml in `i:\firebase\studio\dataconnect`
E0702 00:58:59.363809   17680 watch.go:76] watchAllDir unable to walk dir `i:\firebase\studio\dataconnect`: on path "i:\\firebase\\studio\\dataconnect" (DirEntry: <nil>): CreateFile i:\firebase\studio\dataconnect: The system cannot find the file specified.
I0702 00:58:59.372153   17680 dev.go:95] Listening on address (HTTP + gRPC): 127.0.0.1:50001
 {"metadata":{"emulator":{"name":"dataconnect"},"message":"E0702 00:58:59.351723   17680 load.go:23] Could not load config from \"i:\\\\firebase\\\\studio\\\\dataconnect\": could not find dataconnect.yaml in `i:\\firebase\\studio\\dataconnect`\nE0702 00:58:59.363809   17680 watch.go:76] watchAllDir unable to walk dir `i:\\firebase\\studio\\dataconnect`: on path \"i:\\\\firebase\\\\studio\\\\dataconnect\" (DirEntry: <nil>): CreateFile i:\\firebase\\studio\\dataconnect: The system cannot find the file specified.\nI0702 00:58:59.372153   17680 dev.go:95] Listening on address (HTTP + gRPC): 127.0.0.1:50001\n"}}
[error] [Firebase Plugin] error:  {}
[debug] [2025-07-01T16:59:09.393Z] E0702 00:59:09.364006   17680 load.go:23] Could not load config from "i:\\firebase\\studio\\dataconnect": could not find dataconnect.yaml in `i:\firebase\studio\dataconnect`
 {"metadata":{"emulator":{"name":"dataconnect"},"message":"E0702 00:59:09.364006   17680 load.go:23] Could not load config from \"i:\\\\firebase\\\\studio\\\\dataconnect\": could not find dataconnect.yaml in `i:\\firebase\\studio\\dataconnect`\n"}}
[debug] [2025-07-01T16:59:19.364Z] E0702 00:59:19.364281   17680 load.go:23] Could not load config from "i:\\firebase\\studio\\dataconnect": could not find dataconnect.yaml in `i:\firebase\studio\dataconnect`
 {"metadata":{"emulator":{"name":"dataconnect"},"message":"E0702 00:59:19.364281   17680 load.go:23] Could not load config from \"i:\\\\firebase\\\\studio\\\\dataconnect\": could not find dataconnect.yaml in `i:\\firebase\\studio\\dataconnect`\n"}}
[debug] [2025-07-01T16:59:29.363Z] E0702 00:59:29.364203   17680 load.go:23] Could not load config from "i:\\firebase\\studio\\dataconnect": could not find dataconnect.yaml in `i:\firebase\studio\dataconnect`
 {"metadata":{"emulator":{"name":"dataconnect"},"message":"E0702 00:59:29.364203   17680 load.go:23] Could not load config from \"i:\\\\firebase\\\\studio\\\\dataconnect\": could not find dataconnect.yaml in `i:\\firebase\\studio\\dataconnect`\n"}}
[debug] [2025-07-01T16:59:39.363Z] E0702 00:59:39.363926   17680 load.go:23] Could not load config from "i:\\firebase\\studio\\dataconnect": could not find dataconnect.yaml in `i:\firebase\studio\dataconnect`
 {"metadata":{"emulator":{"name":"dataconnect"},"message":"E0702 00:59:39.363926   17680 load.go:23] Could not load config from \"i:\\\\firebase\\\\studio\\\\dataconnect\": could not find dataconnect.yaml in `i:\\firebase\\studio\\dataconnect`\n"}}
[debug] [2025-07-01T16:59:49.363Z] E0702 00:59:49.364067   17680 load.go:23] Could not load config from "i:\\firebase\\studio\\dataconnect": could not find dataconnect.yaml in `i:\firebase\studio\dataconnect`
 {"metadata":{"emulator":{"name":"dataconnect"},"message":"E0702 00:59:49.364067   17680 load.go:23] Could not load config from \"i:\\\\firebase\\\\studio\\\\dataconnect\": could not find dataconnect.yaml in `i:\\firebase\\studio\\dataconnect`\n"}}
[debug] [2025-07-01T16:59:59.364Z] E0702 00:59:59.364361   17680 load.go:23] Could not load config from "i:\\firebase\\studio\\dataconnect": could not find dataconnect.yaml in `i:\firebase\studio\dataconnect`
 {"metadata":{"emulator":{"name":"dataconnect"},"message":"E0702 00:59:59.364361   17680 load.go:23] Could not load config from \"i:\\\\firebase\\\\studio\\\\dataconnect\": could not find dataconnect.yaml in `i:\\firebase\\studio\\dataconnect`\n"}}
[debug] [2025-07-01T17:00:09.363Z] E0702 01:00:09.363874   17680 load.go:23] Could not load config from "i:\\firebase\\studio\\dataconnect": could not find dataconnect.yaml in `i:\firebase\studio\dataconnect`
 {"metadata":{"emulator":{"name":"dataconnect"},"message":"E0702 01:00:09.363874   17680 load.go:23] Could not load config from \"i:\\\\firebase\\\\studio\\\\dataconnect\": could not find dataconnect.yaml in `i:\\firebase\\studio\\dataconnect`\n"}}
[debug] [2025-07-01T17:00:19.363Z] E0702 01:00:19.363978   17680 load.go:23] Could not load config from "i:\\firebase\\studio\\dataconnect": could not find dataconnect.yaml in `i:\firebase\studio\dataconnect`
 {"metadata":{"emulator":{"name":"dataconnect"},"message":"E0702 01:00:19.363978   17680 load.go:23] Could not load config from \"i:\\\\firebase\\\\studio\\\\dataconnect\": could not find dataconnect.yaml in `i:\\firebase\\studio\\dataconnect`\n"}}
[debug] [2025-07-01T17:00:29.363Z] E0702 01:00:29.363927   17680 load.go:23] Could not load config from "i:\\firebase\\studio\\dataconnect": could not find dataconnect.yaml in `i:\firebase\studio\dataconnect`
 {"metadata":{"emulator":{"name":"dataconnect"},"message":"E0702 01:00:29.363927   17680 load.go:23] Could not load config from \"i:\\\\firebase\\\\studio\\\\dataconnect\": could not find dataconnect.yaml in `i:\\firebase\\studio\\dataconnect`\n"}}
[debug] [2025-07-01T17:00:39.416Z] E0702 01:00:39.363981   17680 load.go:23] Could not load config from "i:\\firebase\\studio\\dataconnect": could not find dataconnect.yaml in `i:\firebase\studio\dataconnect`
 {"metadata":{"emulator":{"name":"dataconnect"},"message":"E0702 01:00:39.363981   17680 load.go:23] Could not load config from \"i:\\\\firebase\\\\studio\\\\dataconnect\": could not find dataconnect.yaml in `i:\\firebase\\studio\\dataconnect`\n"}}
[debug] [2025-07-01T17:00:49.373Z] E0702 01:00:49.364399   17680 load.go:23] Could not load config from "i:\\firebase\\studio\\dataconnect": could not find dataconnect.yaml in `i:\firebase\studio\dataconnect`
 {"metadata":{"emulator":{"name":"dataconnect"},"message":"E0702 01:00:49.364399   17680 load.go:23] Could not load config from \"i:\\\\firebase\\\\studio\\\\dataconnect\": could not find dataconnect.yaml in `i:\\firebase\\studio\\dataconnect`\n"}}
[debug] [2025-07-01T17:00:59.386Z] E0702 01:00:59.363877   17680 load.go:23] Could not load config from "i:\\firebase\\studio\\dataconnect": could not find dataconnect.yaml in `i:\firebase\studio\dataconnect`
E0702 01:00:59.363877   17680 watch.go:76] watchAllDir unable to walk dir `i:\firebase\studio\dataconnect`: on path "i:\\firebase\\studio\\dataconnect" (DirEntry: <nil>): CreateFile i:\firebase\studio\dataconnect: The system cannot find the file specified.
 {"metadata":{"emulator":{"name":"dataconnect"},"message":"E0702 01:00:59.363877   17680 load.go:23] Could not load config from \"i:\\\\firebase\\\\studio\\\\dataconnect\": could not find dataconnect.yaml in `i:\\firebase\\studio\\dataconnect`\nE0702 01:00:59.363877   17680 watch.go:76] watchAllDir unable to walk dir `i:\\firebase\\studio\\dataconnect`: on path \"i:\\\\firebase\\\\studio\\\\dataconnect\" (DirEntry: <nil>): CreateFile i:\\firebase\\studio\\dataconnect: The system cannot find the file specified.\n"}}
[debug] [2025-07-01T17:01:09.364Z] E0702 01:01:09.364647   17680 load.go:23] Could not load config from "i:\\firebase\\studio\\dataconnect": could not find dataconnect.yaml in `i:\firebase\studio\dataconnect`
 {"metadata":{"emulator":{"name":"dataconnect"},"message":"E0702 01:01:09.364647   17680 load.go:23] Could not load config from \"i:\\\\firebase\\\\studio\\\\dataconnect\": could not find dataconnect.yaml in `i:\\firebase\\studio\\dataconnect`\n"}}
[debug] [2025-07-01T17:01:19.427Z] E0702 01:01:19.370500   17680 load.go:23] Could not load config from "i:\\firebase\\studio\\dataconnect": could not find dataconnect.yaml in `i:\firebase\studio\dataconnect`
 {"metadata":{"emulator":{"name":"dataconnect"},"message":"E0702 01:01:19.370500   17680 load.go:23] Could not load config from \"i:\\\\firebase\\\\studio\\\\dataconnect\": could not find dataconnect.yaml in `i:\\firebase\\studio\\dataconnect`\n"}}
[debug] [2025-07-01T17:01:29.378Z] E0702 01:01:29.364032   17680 load.go:23] Could not load config from "i:\\firebase\\studio\\dataconnect": could not find dataconnect.yaml in `i:\firebase\studio\dataconnect`
 {"metadata":{"emulator":{"name":"dataconnect"},"message":"E0702 01:01:29.364032   17680 load.go:23] Could not load config from \"i:\\\\firebase\\\\studio\\\\dataconnect\": could not find dataconnect.yaml in `i:\\firebase\\studio\\dataconnect`\n"}}
[debug] [2025-07-01T17:01:39.364Z] E0702 01:01:39.364158   17680 load.go:23] Could not load config from "i:\\firebase\\studio\\dataconnect": could not find dataconnect.yaml in `i:\firebase\studio\dataconnect`
 {"metadata":{"emulator":{"name":"dataconnect"},"message":"E0702 01:01:39.364158   17680 load.go:23] Could not load config from \"i:\\\\firebase\\\\studio\\\\dataconnect\": could not find dataconnect.yaml in `i:\\firebase\\studio\\dataconnect`\n"}}
[debug] [2025-07-01T17:01:49.364Z] E0702 01:01:49.364202   17680 load.go:23] Could not load config from "i:\\firebase\\studio\\dataconnect": could not find dataconnect.yaml in `i:\firebase\studio\dataconnect`
 {"metadata":{"emulator":{"name":"dataconnect"},"message":"E0702 01:01:49.364202   17680 load.go:23] Could not load config from \"i:\\\\firebase\\\\studio\\\\dataconnect\": could not find dataconnect.yaml in `i:\\firebase\\studio\\dataconnect`\n"}}
[debug] [2025-07-01T17:01:59.364Z] E0702 01:01:59.364323   17680 load.go:23] Could not load config from "i:\\firebase\\studio\\dataconnect": could not find dataconnect.yaml in `i:\firebase\studio\dataconnect`
 {"metadata":{"emulator":{"name":"dataconnect"},"message":"E0702 01:01:59.364323   17680 load.go:23] Could not load config from \"i:\\\\firebase\\\\studio\\\\dataconnect\": could not find dataconnect.yaml in `i:\\firebase\\studio\\dataconnect`\n"}}
[debug] [2025-07-01T17:02:09.364Z] E0702 01:02:09.364143   17680 load.go:23] Could not load config from "i:\\firebase\\studio\\dataconnect": could not find dataconnect.yaml in `i:\firebase\studio\dataconnect`
 {"metadata":{"emulator":{"name":"dataconnect"},"message":"E0702 01:02:09.364143   17680 load.go:23] Could not load config from \"i:\\\\firebase\\\\studio\\\\dataconnect\": could not find dataconnect.yaml in `i:\\firebase\\studio\\dataconnect`\n"}}
[debug] [2025-07-01T17:02:19.364Z] E0702 01:02:19.363913   17680 load.go:23] Could not load config from "i:\\firebase\\studio\\dataconnect": could not find dataconnect.yaml in `i:\firebase\studio\dataconnect`
 {"metadata":{"emulator":{"name":"dataconnect"},"message":"E0702 01:02:19.363913   17680 load.go:23] Could not load config from \"i:\\\\firebase\\\\studio\\\\dataconnect\": could not find dataconnect.yaml in `i:\\firebase\\studio\\dataconnect`\n"}}
[debug] [2025-07-01T17:02:29.369Z] E0702 01:02:29.364257   17680 load.go:23] Could not load config from "i:\\firebase\\studio\\dataconnect": could not find dataconnect.yaml in `i:\firebase\studio\dataconnect`
 {"metadata":{"emulator":{"name":"dataconnect"},"message":"E0702 01:02:29.364257   17680 load.go:23] Could not load config from \"i:\\\\firebase\\\\studio\\\\dataconnect\": could not find dataconnect.yaml in `i:\\firebase\\studio\\dataconnect`\n"}}
[debug] [2025-07-01T17:02:39.364Z] E0702 01:02:39.364131   17680 load.go:23] Could not load config from "i:\\firebase\\studio\\dataconnect": could not find dataconnect.yaml in `i:\firebase\studio\dataconnect`
 {"metadata":{"emulator":{"name":"dataconnect"},"message":"E0702 01:02:39.364131   17680 load.go:23] Could not load config from \"i:\\\\firebase\\\\studio\\\\dataconnect\": could not find dataconnect.yaml in `i:\\firebase\\studio\\dataconnect`\n"}}
[debug] [2025-07-01T17:02:49.363Z] E0702 01:02:49.363911   17680 load.go:23] Could not load config from "i:\\firebase\\studio\\dataconnect": could not find dataconnect.yaml in `i:\firebase\studio\dataconnect`
 {"metadata":{"emulator":{"name":"dataconnect"},"message":"E0702 01:02:49.363911   17680 load.go:23] Could not load config from \"i:\\\\firebase\\\\studio\\\\dataconnect\": could not find dataconnect.yaml in `i:\\firebase\\studio\\dataconnect`\n"}}
[debug] [2025-07-01T17:02:59.415Z] E0702 01:02:59.364265   17680 load.go:23] Could not load config from "i:\\firebase\\studio\\dataconnect": could not find dataconnect.yaml in `i:\firebase\studio\dataconnect`
E0702 01:02:59.364769   17680 watch.go:76] watchAllDir unable to walk dir `i:\firebase\studio\dataconnect`: on path "i:\\firebase\\studio\\dataconnect" (DirEntry: <nil>): CreateFile i:\firebase\studio\dataconnect: The system cannot find the file specified.
 {"metadata":{"emulator":{"name":"dataconnect"},"message":"E0702 01:02:59.364265   17680 load.go:23] Could not load config from \"i:\\\\firebase\\\\studio\\\\dataconnect\": could not find dataconnect.yaml in `i:\\firebase\\studio\\dataconnect`\nE0702 01:02:59.364769   17680 watch.go:76] watchAllDir unable to walk dir `i:\\firebase\\studio\\dataconnect`: on path \"i:\\\\firebase\\\\studio\\\\dataconnect\" (DirEntry: <nil>): CreateFile i:\\firebase\\studio\\dataconnect: The system cannot find the file specified.\n"}}
[debug] [2025-07-01T17:03:09.364Z] E0702 01:03:09.364298   17680 load.go:23] Could not load config from "i:\\firebase\\studio\\dataconnect": could not find dataconnect.yaml in `i:\firebase\studio\dataconnect`
 {"metadata":{"emulator":{"name":"dataconnect"},"message":"E0702 01:03:09.364298   17680 load.go:23] Could not load config from \"i:\\\\firebase\\\\studio\\\\dataconnect\": could not find dataconnect.yaml in `i:\\firebase\\studio\\dataconnect`\n"}}
[debug] [2025-07-01T17:03:19.364Z] E0702 01:03:19.364510   17680 load.go:23] Could not load config from "i:\\firebase\\studio\\dataconnect": could not find dataconnect.yaml in `i:\firebase\studio\dataconnect`
 {"metadata":{"emulator":{"name":"dataconnect"},"message":"E0702 01:03:19.364510   17680 load.go:23] Could not load config from \"i:\\\\firebase\\\\studio\\\\dataconnect\": could not find dataconnect.yaml in `i:\\firebase\\studio\\dataconnect`\n"}}
[debug] [2025-07-01T17:03:29.413Z] E0702 01:03:29.364015   17680 load.go:23] Could not load config from "i:\\firebase\\studio\\dataconnect": could not find dataconnect.yaml in `i:\firebase\studio\dataconnect`
 {"metadata":{"emulator":{"name":"dataconnect"},"message":"E0702 01:03:29.364015   17680 load.go:23] Could not load config from \"i:\\\\firebase\\\\studio\\\\dataconnect\": could not find dataconnect.yaml in `i:\\firebase\\studio\\dataconnect`\n"}}
[debug] [2025-07-01T17:03:39.364Z] E0702 01:03:39.363901   17680 load.go:23] Could not load config from "i:\\firebase\\studio\\dataconnect": could not find dataconnect.yaml in `i:\firebase\studio\dataconnect`
 {"metadata":{"emulator":{"name":"dataconnect"},"message":"E0702 01:03:39.363901   17680 load.go:23] Could not load config from \"i:\\\\firebase\\\\studio\\\\dataconnect\": could not find dataconnect.yaml in `i:\\firebase\\studio\\dataconnect`\n"}}
[debug] [2025-07-01T17:03:49.364Z] E0702 01:03:49.363926   17680 load.go:23] Could not load config from "i:\\firebase\\studio\\dataconnect": could not find dataconnect.yaml in `i:\firebase\studio\dataconnect`
 {"metadata":{"emulator":{"name":"dataconnect"},"message":"E0702 01:03:49.363926   17680 load.go:23] Could not load config from \"i:\\\\firebase\\\\studio\\\\dataconnect\": could not find dataconnect.yaml in `i:\\firebase\\studio\\dataconnect`\n"}}
[debug] [2025-07-01T17:03:59.364Z] E0702 01:03:59.363978   17680 load.go:23] Could not load config from "i:\\firebase\\studio\\dataconnect": could not find dataconnect.yaml in `i:\firebase\studio\dataconnect`
 {"metadata":{"emulator":{"name":"dataconnect"},"message":"E0702 01:03:59.363978   17680 load.go:23] Could not load config from \"i:\\\\firebase\\\\studio\\\\dataconnect\": could not find dataconnect.yaml in `i:\\firebase\\studio\\dataconnect`\n"}}
[debug] [2025-07-01T17:04:09.364Z] E0702 01:04:09.364313   17680 load.go:23] Could not load config from "i:\\firebase\\studio\\dataconnect": could not find dataconnect.yaml in `i:\firebase\studio\dataconnect`
 {"metadata":{"emulator":{"name":"dataconnect"},"message":"E0702 01:04:09.364313   17680 load.go:23] Could not load config from \"i:\\\\firebase\\\\studio\\\\dataconnect\": could not find dataconnect.yaml in `i:\\firebase\\studio\\dataconnect`\n"}}
[debug] [2025-07-01T17:04:19.402Z] E0702 01:04:19.364767   17680 load.go:23] Could not load config from "i:\\firebase\\studio\\dataconnect": could not find dataconnect.yaml in `i:\firebase\studio\dataconnect`
 {"metadata":{"emulator":{"name":"dataconnect"},"message":"E0702 01:04:19.364767   17680 load.go:23] Could not load config from \"i:\\\\firebase\\\\studio\\\\dataconnect\": could not find dataconnect.yaml in `i:\\firebase\\studio\\dataconnect`\n"}}
[debug] [2025-07-01T17:04:29.431Z] E0702 01:04:29.364221   17680 load.go:23] Could not load config from "i:\\firebase\\studio\\dataconnect": could not find dataconnect.yaml in `i:\firebase\studio\dataconnect`
 {"metadata":{"emulator":{"name":"dataconnect"},"message":"E0702 01:04:29.364221   17680 load.go:23] Could not load config from \"i:\\\\firebase\\\\studio\\\\dataconnect\": could not find dataconnect.yaml in `i:\\firebase\\studio\\dataconnect`\n"}}
[debug] [2025-07-01T17:04:39.364Z] E0702 01:04:39.364252   17680 load.go:23] Could not load config from "i:\\firebase\\studio\\dataconnect": could not find dataconnect.yaml in `i:\firebase\studio\dataconnect`
 {"metadata":{"emulator":{"name":"dataconnect"},"message":"E0702 01:04:39.364252   17680 load.go:23] Could not load config from \"i:\\\\firebase\\\\studio\\\\dataconnect\": could not find dataconnect.yaml in `i:\\firebase\\studio\\dataconnect`\n"}}
[debug] [2025-07-01T17:04:49.365Z] E0702 01:04:49.364397   17680 load.go:23] Could not load config from "i:\\firebase\\studio\\dataconnect": could not find dataconnect.yaml in `i:\firebase\studio\dataconnect`
 {"metadata":{"emulator":{"name":"dataconnect"},"message":"E0702 01:04:49.364397   17680 load.go:23] Could not load config from \"i:\\\\firebase\\\\studio\\\\dataconnect\": could not find dataconnect.yaml in `i:\\firebase\\studio\\dataconnect`\n"}}
[debug] [2025-07-01T17:04:59.381Z] E0702 01:04:59.364171   17680 load.go:23] Could not load config from "i:\\firebase\\studio\\dataconnect": could not find dataconnect.yaml in `i:\firebase\studio\dataconnect`
E0702 01:04:59.364171   17680 watch.go:76] watchAllDir unable to walk dir `i:\firebase\studio\dataconnect`: on path "i:\\firebase\\studio\\dataconnect" (DirEntry: <nil>): CreateFile i:\firebase\studio\dataconnect: The system cannot find the file specified.
 {"metadata":{"emulator":{"name":"dataconnect"},"message":"E0702 01:04:59.364171   17680 load.go:23] Could not load config from \"i:\\\\firebase\\\\studio\\\\dataconnect\": could not find dataconnect.yaml in `i:\\firebase\\studio\\dataconnect`\nE0702 01:04:59.364171   17680 watch.go:76] watchAllDir unable to walk dir `i:\\firebase\\studio\\dataconnect`: on path \"i:\\\\firebase\\\\studio\\\\dataconnect\" (DirEntry: <nil>): CreateFile i:\\firebase\\studio\\dataconnect: The system cannot find the file specified.\n"}}
[debug] [2025-07-01T17:05:09.364Z] E0702 01:05:09.364097   17680 load.go:23] Could not load config from "i:\\firebase\\studio\\dataconnect": could not find dataconnect.yaml in `i:\firebase\studio\dataconnect`
 {"metadata":{"emulator":{"name":"dataconnect"},"message":"E0702 01:05:09.364097   17680 load.go:23] Could not load config from \"i:\\\\firebase\\\\studio\\\\dataconnect\": could not find dataconnect.yaml in `i:\\firebase\\studio\\dataconnect`\n"}}
